<?xml version="1.0" encoding="UTF-8"?>
<!-- Generated by org.testng.reporters.JUnitReportReporter -->
<testsuite skipped="0" hostname="FINLHYDAI452039" name="com.JavaSelenium.TestFactory.tests.DropDownRadioCheckBoxesTest" tests="1" failures="0" timestamp="16 Jun 2020 09:22:47 GMT" time="46.641" errors="0">
  <testcase name="loginTest" time="46.641" classname="com.JavaSelenium.TestFactory.tests.DropDownRadioCheckBoxesTest"/>
</testsuite> <!-- com.JavaSelenium.TestFactory.tests.DropDownRadioCheckBoxesTest -->
